2025 Activity at 2025-01-02T16:05:02: Update README with 2025 performance benchmarks
2025 Activity at 2025-01-02T19:08:47: Improve model serialization for edge deployment
2025 Activity at 2025-01-02T18:10:12: Fix concurrency issue in the data ingestion pipeline
2025 Activity at 2025-01-02T18:14:48: Update README with 2025 performance benchmarks
2025 Activity at 2025-01-02T09:55:32: Enhance real-time monitoring for model drift
2025 Activity at 2025-01-02T11:20:56: Update dependencies to 2025 stable versions
2025 Activity at 2025-01-02T14:27:06: Fix concurrency issue in the data ingestion pipeline
2025 Activity at 2025-01-02T16:47:38: Initial prototype for agentic workflow integration
2025 Activity at 2025-01-02T09:51:23: Benchmark inference throughput on latest hardware
2025 Activity at 2025-01-02T09:12:24: Benchmark inference throughput on latest hardware
2025 Activity at 2025-01-03T16:34:32: Refactor data preprocessing for distributed training
2025 Activity at 2025-01-03T09:01:12: Implement adaptive learning rate scheduling
2025 Activity at 2025-01-08T15:56:19: Address feedback from technical design review
2025 Activity at 2025-01-08T13:09:21: Update dependencies to 2025 stable versions
2025 Activity at 2025-01-08T18:13:50: Update README with 2025 performance benchmarks
2025 Activity at 2025-01-08T15:49:55: Initial prototype for agentic workflow integration
2025 Activity at 2025-01-08T10:29:43: Sync with latest upstream repository updates
2025 Activity at 2025-01-08T11:52:11: Initial prototype for agentic workflow integration
2025 Activity at 2025-01-08T19:32:51: Fix bug in backpropagation for custom layers
2025 Activity at 2025-01-09T11:52:22: Sync with latest upstream repository updates
2025 Activity at 2025-01-09T13:49:20: Fix concurrency issue in the data ingestion pipeline
2025 Activity at 2025-01-09T11:32:43: Update dependencies to 2025 stable versions
2025 Activity at 2025-01-09T18:48:06: Refactor data preprocessing for distributed training
2025 Activity at 2025-01-09T14:56:48: Initial prototype for agentic workflow integration
2025 Activity at 2025-01-09T16:36:47: Add support for multimodal models in inference engine
2025 Activity at 2025-01-09T09:52:13: Optimize memory management for large-scale inference
2025 Activity at 2025-01-09T17:14:26: Enhance real-time monitoring for model drift
2025 Activity at 2025-01-09T16:06:45: Clean up legacy code and improve modularity
