2024 Activity at 2024-01-02T15:43:52: Initial prototype for feature extraction in real-time
2024 Activity at 2024-01-02T18:40:54: Enhance logging for debugging production-level issues
2024 Activity at 2024-01-02T18:54:47: Enhance logging for debugging production-level issues
2024 Activity at 2024-01-02T19:02:46: Update dependencies to latest stable versions (2024)
2024 Activity at 2024-01-02T10:44:54: Update README with latest performance benchmarks
2024 Activity at 2024-01-02T09:10:55: Sync with upstream repository changes and updates
2024 Activity at 2024-01-02T18:18:06: Add support for multi-GPU training via DDP
2024 Activity at 2024-01-02T13:31:52: Update README with latest performance benchmarks
2024 Activity at 2024-01-02T18:34:06: Sync with upstream repository changes and updates
2024 Activity at 2024-01-02T17:32:04: Address code review feedback from the senior team
2024 Activity at 2024-01-02T12:33:14: Enhance logging for debugging production-level issues
2024 Activity at 2024-01-04T17:42:36: Merge feature branch into main for the next release
2024 Activity at 2024-01-04T18:57:20: Enhance logging for debugging production-level issues
2024 Activity at 2024-01-04T09:59:32: Optimize neural network architecture for better performance
2024 Activity at 2024-01-04T10:40:33: Improve documentation for REST API endpoints
2024 Activity at 2024-01-04T12:11:06: Optimize GPU memory allocation for large models
2024 Activity at 2024-01-04T10:26:05: Clean up unused variables and deprecated functions
2024 Activity at 2024-01-04T10:43:47: Merge feature branch into main for the next release
2024 Activity at 2024-01-04T17:02:17: Implement early stopping logic in the training loop
2024 Activity at 2024-01-05T12:37:04: Clean up unused variables and deprecated functions
2024 Activity at 2024-01-05T16:18:02: Improve documentation for REST API endpoints
2024 Activity at 2024-01-05T18:32:16: Update README with latest performance benchmarks
2024 Activity at 2024-01-05T17:12:02: Add support for multi-GPU training via DDP
2024 Activity at 2024-01-05T16:32:14: Update dependencies to latest stable versions (2024)
2024 Activity at 2024-01-05T18:12:00: Add support for transformer-based models in inference
2024 Activity at 2024-01-05T17:21:20: Fix potential race condition in the data pipeline
2024 Activity at 2024-01-05T09:25:18: Improve documentation for REST API endpoints
2024 Activity at 2024-01-05T14:27:06: Add comprehensive unit tests for core ML modules
2024 Activity at 2024-01-05T13:34:32: Add support for transformer-based models in inference
