2023 Activity at 2023-01-03T19:20:54: Add support for transformer-based models
2023 Activity at 2023-01-03T16:40:22: Optimize GPU memory allocation
2023 Activity at 2023-01-04T09:48:30: Update README with new performance metrics
2023 Activity at 2023-01-04T10:50:59: Improve model serialization and loading
2023 Activity at 2023-01-04T11:38:07: Improve documentation for API endpoints
2023 Activity at 2023-01-05T10:00:16: Fix race condition in data pipeline
2023 Activity at 2023-01-05T10:30:50: Improve documentation for API endpoints
2023 Activity at 2023-01-05T13:57:00: Address code review feedback
2023 Activity at 2023-01-05T15:54:56: Implement early stopping in training loop
2023 Activity at 2023-01-05T18:52:47: Benchmark inference latency across devices
2023 Activity at 2023-01-05T16:07:49: Add support for multi-GPU training
2023 Activity at 2023-01-05T13:05:00: Fix bug in loss function calculation
2023 Activity at 2023-01-05T19:47:54: Initial prototype for feature extraction
2023 Activity at 2023-01-05T14:09:12: Address code review feedback
2023 Activity at 2023-01-05T17:55:40: Address code review feedback
2023 Activity at 2023-01-06T11:44:45: Improve model serialization and loading
2023 Activity at 2023-01-06T18:55:53: Add support for multi-GPU training
2023 Activity at 2023-01-06T12:59:24: Enhance logging for debugging production issues
2023 Activity at 2023-01-06T11:34:28: Merge feature branch into main
2023 Activity at 2023-01-06T12:52:12: Initial prototype for feature extraction
2023 Activity at 2023-01-06T10:15:12: Address code review feedback
2023 Activity at 2023-01-06T19:41:02: Enhance logging for debugging production issues
2023 Activity at 2023-01-06T10:35:19: Benchmark inference latency across devices
2023 Activity at 2023-01-06T11:48:49: Benchmark inference latency across devices
2023 Activity at 2023-01-09T09:29:19: Enhance logging for debugging production issues
2023 Activity at 2023-01-09T13:28:38: Update README with new performance metrics
2023 Activity at 2023-01-09T09:16:56: Fix bug in loss function calculation
2023 Activity at 2023-01-09T14:42:58: Improve model serialization and loading
2023 Activity at 2023-01-09T16:17:55: Address code review feedback
2023 Activity at 2023-01-09T19:31:47: Update README with new performance metrics
2023 Activity at 2023-01-10T10:12:53: Update README with new performance metrics
2023 Activity at 2023-01-10T09:23:43: Optimize neural network architecture
2023 Activity at 2023-01-11T16:42:22: Update README with new performance metrics
2023 Activity at 2023-01-12T19:45:13: Merge feature branch into main
2023 Activity at 2023-01-12T14:29:49: Improve model serialization and loading
2023 Activity at 2023-01-12T19:10:48: Refactor data loader for faster training
2023 Activity at 2023-01-12T11:49:22: Improve model serialization and loading
2023 Activity at 2023-01-12T15:43:22: Implement early stopping in training loop
2023 Activity at 2023-01-12T09:14:32: Refactor data loader for faster training
2023 Activity at 2023-01-12T19:52:45: Merge feature branch into main
2023 Activity at 2023-01-12T13:26:55: Benchmark inference latency across devices
2023 Activity at 2023-01-13T17:52:30: Update README with new performance metrics
2023 Activity at 2023-01-13T17:03:44: Fix race condition in data pipeline
2023 Activity at 2023-01-13T13:59:15: Improve model serialization and loading
2023 Activity at 2023-01-13T10:49:09: Add support for transformer-based models
2023 Activity at 2023-01-13T12:40:28: Clean up unused variables and functions
2023 Activity at 2023-01-13T10:13:00: Optimize GPU memory allocation
2023 Activity at 2023-01-13T10:16:06: Clean up unused variables and functions
2023 Activity at 2023-01-17T14:50:21: Merge feature branch into main
2023 Activity at 2023-01-17T12:51:53: Fix race condition in data pipeline
2023 Activity at 2023-01-17T17:39:23: Add support for transformer-based models
2023 Activity at 2023-01-17T10:31:30: Add unit tests for core modules
2023 Activity at 2023-01-17T15:37:12: Refactor data loader for faster training
2023 Activity at 2023-01-18T19:47:21: Optimize neural network architecture
2023 Activity at 2023-01-18T14:03:02: Add support for multi-GPU training
2023 Activity at 2023-01-18T11:07:26: Address code review feedback
2023 Activity at 2023-01-19T11:42:29: Sync with upstream repository changes
2023 Activity at 2023-01-19T15:11:34: Merge feature branch into main
2023 Activity at 2023-01-19T12:52:19: Initial prototype for feature extraction
2023 Activity at 2023-01-19T12:34:11: Implement early stopping in training loop
2023 Activity at 2023-01-19T16:30:27: Refactor data loader for faster training
2023 Activity at 2023-01-19T11:25:59: Refactor data loader for faster training
2023 Activity at 2023-01-19T10:31:32: Sync with upstream repository changes
2023 Activity at 2023-01-19T16:52:50: Merge feature branch into main
2023 Activity at 2023-01-19T17:47:43: Merge feature branch into main
2023 Activity at 2023-01-19T13:37:47: Add support for multi-GPU training
2023 Activity at 2023-01-20T19:41:47: Sync with upstream repository changes
2023 Activity at 2023-01-20T14:39:05: Update README with new performance metrics
2023 Activity at 2023-01-20T18:32:39: Improve model serialization and loading
2023 Activity at 2023-01-26T16:37:54: Update dependencies to latest stable versions
2023 Activity at 2023-01-26T11:23:16: Improve documentation for API endpoints
2023 Activity at 2023-01-26T14:40:49: Improve model serialization and loading
2023 Activity at 2023-01-26T15:58:07: Merge feature branch into main
2023 Activity at 2023-01-26T17:07:26: Initial prototype for feature extraction
2023 Activity at 2023-01-26T13:42:47: Implement early stopping in training loop
2023 Activity at 2023-01-26T19:43:46: Fix bug in loss function calculation
2023 Activity at 2023-01-26T11:22:20: Update dependencies to latest stable versions
2023 Activity at 2023-01-26T16:43:34: Merge feature branch into main
2023 Activity at 2023-01-26T09:16:53: Address code review feedback
2023 Activity at 2023-01-26T12:44:27: Implement early stopping in training loop
2023 Activity at 2023-01-27T13:53:33: Optimize GPU memory allocation
2023 Activity at 2023-01-27T14:00:57: Improve documentation for API endpoints
2023 Activity at 2023-01-27T19:43:37: Improve model serialization and loading
2023 Activity at 2023-01-27T12:54:10: Implement early stopping in training loop
2023 Activity at 2023-01-27T15:58:40: Update dependencies to latest stable versions
2023 Activity at 2023-01-27T18:20:22: Update README with new performance metrics
2023 Activity at 2023-01-27T15:48:44: Sync with upstream repository changes
2023 Activity at 2023-01-27T16:30:12: Update dependencies to latest stable versions
2023 Activity at 2023-01-30T12:37:48: Benchmark inference latency across devices
2023 Activity at 2023-01-30T12:43:50: Improve documentation for API endpoints
2023 Activity at 2023-01-30T13:33:04: Optimize GPU memory allocation
2023 Activity at 2023-01-30T09:38:32: Update README with new performance metrics
2023 Activity at 2023-01-30T14:54:51: Address code review feedback
2023 Activity at 2023-01-31T09:38:45: Add support for multi-GPU training
