Robust Activity at 2023-01-02T15:57:42: Implement early stopping in training loop
Robust Activity at 2023-01-02T12:03:39: Enhance logging for debugging production issues
Robust Activity at 2023-01-02T16:00:52: Add support for transformer-based models
Robust Activity at 2023-01-03T13:48:17: Fix race condition in data pipeline
Robust Activity at 2023-01-03T11:49:14: Fix race condition in data pipeline
Robust Activity at 2023-01-04T15:19:20: Update dependencies to latest stable versions
Robust Activity at 2023-01-04T13:41:45: Initial prototype for feature extraction
Robust Activity at 2023-01-04T09:58:16: Merge feature branch into main
Robust Activity at 2023-01-04T17:33:07: Initial prototype for feature extraction
Robust Activity at 2023-01-04T10:54:38: Sync with upstream repository changes
Robust Activity at 2023-01-04T09:07:33: Add support for multi-GPU training
Robust Activity at 2023-01-06T17:38:53: Address code review feedback
Robust Activity at 2023-01-06T13:14:07: Fix bug in loss function calculation
Robust Activity at 2023-01-06T13:29:52: Add support for multi-GPU training
Robust Activity at 2023-01-06T17:26:46: Add support for transformer-based models
Robust Activity at 2023-01-06T13:38:10: Clean up unused variables and functions
Robust Activity at 2023-01-06T09:51:56: Address code review feedback
Robust Activity at 2023-01-09T10:22:14: Address code review feedback
Robust Activity at 2023-01-09T15:36:21: Address code review feedback
Robust Activity at 2023-01-09T10:09:50: Optimize GPU memory allocation
Robust Activity at 2023-01-10T13:26:34: Update dependencies to latest stable versions
Robust Activity at 2023-01-10T18:03:36: Improve documentation for API endpoints
Robust Activity at 2023-01-10T17:21:37: Optimize neural network architecture
Robust Activity at 2023-01-10T12:24:43: Address code review feedback
Robust Activity at 2023-01-11T17:45:01: Add unit tests for core modules
Robust Activity at 2023-01-11T13:51:40: Address code review feedback
Robust Activity at 2023-01-11T15:59:58: Implement early stopping in training loop
Robust Activity at 2023-01-11T14:36:43: Add unit tests for core modules
Robust Activity at 2023-01-11T10:30:09: Improve model serialization and loading
Robust Activity at 2023-01-11T17:57:43: Add unit tests for core modules
Robust Activity at 2023-01-12T14:02:02: Benchmark inference latency across devices
Robust Activity at 2023-01-12T18:09:15: Clean up unused variables and functions
Robust Activity at 2023-01-12T12:36:52: Update README with new performance metrics
Robust Activity at 2023-01-12T13:29:40: Add support for multi-GPU training
Robust Activity at 2023-01-13T16:28:10: Address code review feedback
Robust Activity at 2023-01-13T18:22:25: Update README with new performance metrics
Robust Activity at 2023-01-13T10:19:03: Improve documentation for API endpoints
Robust Activity at 2023-01-13T17:34:45: Sync with upstream repository changes
Robust Activity at 2023-01-13T16:40:58: Clean up unused variables and functions
Robust Activity at 2023-01-13T18:35:53: Improve documentation for API endpoints
Robust Activity at 2023-01-16T16:11:13: Merge feature branch into main
Robust Activity at 2023-01-16T15:57:24: Benchmark inference latency across devices
Robust Activity at 2023-01-16T15:52:22: Optimize GPU memory allocation
Robust Activity at 2023-01-16T09:01:31: Address code review feedback
Robust Activity at 2023-01-16T12:41:32: Fix bug in loss function calculation
Robust Activity at 2023-01-17T15:59:32: Benchmark inference latency across devices
Robust Activity at 2023-01-17T15:57:20: Improve documentation for API endpoints
Robust Activity at 2023-01-17T13:08:48: Enhance logging for debugging production issues
Robust Activity at 2023-01-17T11:23:18: Sync with upstream repository changes
Robust Activity at 2023-01-17T13:24:58: Sync with upstream repository changes
Robust Activity at 2023-01-17T15:22:14: Fix race condition in data pipeline
Robust Activity at 2023-01-18T12:03:11: Improve documentation for API endpoints
Robust Activity at 2023-01-18T12:20:54: Update dependencies to latest stable versions
Robust Activity at 2023-01-18T17:23:16: Enhance logging for debugging production issues
Robust Activity at 2023-01-18T14:48:51: Merge feature branch into main
Robust Activity at 2023-01-18T13:58:33: Merge feature branch into main
Robust Activity at 2023-01-20T16:19:33: Address code review feedback
Robust Activity at 2023-01-20T16:24:10: Benchmark inference latency across devices
Robust Activity at 2023-01-20T09:08:11: Update dependencies to latest stable versions
Robust Activity at 2023-01-23T18:14:52: Refactor data loader for faster training
Robust Activity at 2023-01-23T13:10:58: Fix race condition in data pipeline
Robust Activity at 2023-01-23T13:21:24: Improve model serialization and loading
Robust Activity at 2023-01-23T09:34:20: Add support for multi-GPU training
Robust Activity at 2023-01-23T18:31:23: Improve documentation for API endpoints
Robust Activity at 2023-01-24T17:59:33: Clean up unused variables and functions
Robust Activity at 2023-01-24T11:43:54: Fix bug in loss function calculation
Robust Activity at 2023-01-24T16:33:42: Update README with new performance metrics
Robust Activity at 2023-01-24T11:50:22: Implement early stopping in training loop
Robust Activity at 2023-01-24T16:52:50: Optimize neural network architecture
Robust Activity at 2023-01-24T11:57:20: Optimize GPU memory allocation
Robust Activity at 2023-01-25T15:19:51: Optimize GPU memory allocation
Robust Activity at 2023-01-25T18:01:23: Add support for transformer-based models
Robust Activity at 2023-01-25T13:35:15: Fix bug in loss function calculation
Robust Activity at 2023-01-25T13:58:39: Address code review feedback
Robust Activity at 2023-01-25T14:58:56: Update README with new performance metrics
Robust Activity at 2023-01-26T10:52:40: Sync with upstream repository changes
Robust Activity at 2023-01-26T14:49:07: Optimize GPU memory allocation
Robust Activity at 2023-01-26T14:22:03: Enhance logging for debugging production issues
Robust Activity at 2023-01-26T14:10:13: Update README with new performance metrics
Robust Activity at 2023-01-26T18:06:58: Update README with new performance metrics
Robust Activity at 2023-01-27T11:10:05: Add support for transformer-based models
Robust Activity at 2023-01-27T17:02:35: Add support for transformer-based models
Robust Activity at 2023-01-27T12:25:09: Improve documentation for API endpoints
Robust Activity at 2023-01-27T17:24:05: Optimize GPU memory allocation
Robust Activity at 2023-01-27T09:37:49: Clean up unused variables and functions
Robust Activity at 2023-01-27T13:13:10: Add support for transformer-based models
Robust Activity at 2023-01-30T09:13:51: Update README with new performance metrics
Robust Activity at 2023-01-30T17:44:21: Add support for transformer-based models
Robust Activity at 2023-01-30T17:35:54: Implement early stopping in training loop
